Using pre-set license
Built from '2021.1/staging' branch; Version is '2021.1.6f1 (c0fade0cc7e9) revision 12647134'; Using compiler version '192528614'; Build Type 'Release'
OS: 'Windows 10 Enterprise LTSC 2019; OS build 17763.1935; Version 1809; 64bit' Language: 'ru' Physical Memory: 16304 MB
BatchMode: 1, IsHumanControllingUs: 0, StartBugReporterOnCrash: 0, Is64bit: 1, IsPro: 0

 COMMAND LINE ARGUMENTS:
C:\Program Files\Unity\Hub\Editor\2021.1.6f1\Editor\Unity.exe
-adb2
-batchMode
-noUpm
-name
AssetImportWorker0
-projectPath
F:/Андрей/С#/AAAAAA
-logFile
Logs/AssetImportWorker0.log
-srvPort
22222
Successfully changed project path to: F:/Андрей/С#/AAAAAA
F:/Андрей/С#/AAAAAA
Using Asset Import Pipeline V2.
Refreshing native plugins compatible for Editor in 161.84 ms, found 1 plugins.
Preloading 0 native plugins for Editor in 0.00 ms.
Initialize engine version: 2021.1.6f1 (c0fade0cc7e9)
[Subsystems] Discovering subsystems at path C:/Program Files/Unity/Hub/Editor/2021.1.6f1/Editor/Data/Resources/UnitySubsystems
[Subsystems] Discovering subsystems at path F:/Андрей/С#/AAAAAA/Assets
GfxDevice: creating device client; threaded=0; jobified=0
Direct3D:
    Version:  Direct3D 11.0 [level 11.1]
    Renderer: NVIDIA GeForce GTX 1650 (ID=0x1f91)
    Vendor:   NVIDIA
    VRAM:     3962 MB
    Driver:   27.21.14.5167
Initialize mono
Mono path[0] = 'C:/Program Files/Unity/Hub/Editor/2021.1.6f1/Editor/Data/Managed'
Mono path[1] = 'C:/Program Files/Unity/Hub/Editor/2021.1.6f1/Editor/Data/MonoBleedingEdge/lib/mono/unityjit'
Mono config path = 'C:/Program Files/Unity/Hub/Editor/2021.1.6f1/Editor/Data/MonoBleedingEdge/etc'
Using monoOptions --debugger-agent=transport=dt_socket,embedding=1,server=y,suspend=n,address=127.0.0.1:56264
Begin MonoManager ReloadAssembly
Registering precompiled unity dll's ...
Register platform support module: C:/Program Files/Unity/Hub/Editor/2021.1.6f1/Editor/Data/PlaybackEngines/WindowsStandaloneSupport/UnityEditor.WindowsStandalone.Extensions.dll
Registered in 0.001265 seconds.
Native extension for WindowsStandalone target not found
Refreshing native plugins compatible for Editor in 173.05 ms, found 1 plugins.
Preloading 0 native plugins for Editor in 0.00 ms.
Mono: successfully reloaded assembly
- Completed reload, in  2.168 seconds
Platform modules already initialized, skipping
Registering precompiled user dll's ...
Registered in 0.002741 seconds.
Begin MonoManager ReloadAssembly
Native extension for WindowsStandalone target not found
Refreshing native plugins compatible for Editor in 0.65 ms, found 1 plugins.
Preloading 0 native plugins for Editor in 0.00 ms.
Mono: successfully reloaded assembly
- Completed reload, in  1.560 seconds
Platform modules already initialized, skipping
========================================================================
Worker process is ready to serve import requests
Launched and connected shader compiler UnityShaderCompiler.exe after 0.11 seconds
Refreshing native plugins compatible for Editor in 0.73 ms, found 1 plugins.
Preloading 0 native plugins for Editor in 0.00 ms.
Unloading 2692 Unused Serialized files (Serialized files now loaded: 0)
System memory in use before: 120.8 MB.
System memory in use after: 120.9 MB.

Unloading 15 unused Assets to reduce memory usage. Loaded Objects now: 3175.
Total: 3.084500 ms (FindLiveObjects: 0.294200 ms CreateObjectMapping: 0.168400 ms MarkObjects: 2.470000 ms  DeleteObjects: 0.150600 ms)

========================================================================
Received Import Request.
  path: Assets/Music Tracks/Potato.wav
  artifactKey: Guid(87890a66193394e3cb7d6284cc6b4344) Importer(815301076,1909f56bfc062723c751e8b465ee728b)
Start importing Assets/Music Tracks/Potato.wav using Guid(87890a66193394e3cb7d6284cc6b4344) Importer(815301076,1909f56bfc062723c751e8b465ee728b)  -> (artifact id: '6cc00e73bd685c70198d184f737c2fd2') in 0.266303 seconds 
========================================================================
Received Import Request.
  Time since last request: 0.000552 seconds.
  path: Assets/Music Tracks
  artifactKey: Guid(2e4175bd82cfc2547862df0478ebe79f) Importer(815301076,1909f56bfc062723c751e8b465ee728b)
Start importing Assets/Music Tracks using Guid(2e4175bd82cfc2547862df0478ebe79f) Importer(815301076,1909f56bfc062723c751e8b465ee728b)  -> (artifact id: '8bee6a311a4f4955e9bda78ae2df901b') in 0.008168 seconds 
========================================================================
Received Import Request.
  Time since last request: 0.000421 seconds.
  path: Assets/Music Tracks/InfiniteDoors.wav
  artifactKey: Guid(5059413ec429c4507bb7bca2286fad19) Importer(815301076,1909f56bfc062723c751e8b465ee728b)
Start importing Assets/Music Tracks/InfiniteDoors.wav using Guid(5059413ec429c4507bb7bca2286fad19) Importer(815301076,1909f56bfc062723c751e8b465ee728b)  -> (artifact id: 'a8fb83e05a6dcfc377e2531b95b3b999') in 0.023104 seconds 
========================================================================
Received Import Request.
  Time since last request: 0.000369 seconds.
  path: Assets/Music Tracks/JumpyGame.wav
  artifactKey: Guid(d8f7a78a964aa489aafb3749d805cd4b) Importer(815301076,1909f56bfc062723c751e8b465ee728b)
Start importing Assets/Music Tracks/JumpyGame.wav using Guid(d8f7a78a964aa489aafb3749d805cd4b) Importer(815301076,1909f56bfc062723c751e8b465ee728b)  -> (artifact id: 'bb24e34be9d21f4f4b4a009b9f5f20d8') in 0.020103 seconds 
========================================================================
Received Import Request.
  Time since last request: 0.000345 seconds.
  path: Assets/Music Tracks/StreetLove.wav
  artifactKey: Guid(26364aaf1f64b40c1a047b0bacfbd10e) Importer(815301076,1909f56bfc062723c751e8b465ee728b)
Start importing Assets/Music Tracks/StreetLove.wav using Guid(26364aaf1f64b40c1a047b0bacfbd10e) Importer(815301076,1909f56bfc062723c751e8b465ee728b)  -> (artifact id: '37d880084e5ea1438ac8bf3dd15a1f5e') in 0.018994 seconds 
========================================================================
Received Import Request.
  Time since last request: 0.000311 seconds.
  path: Assets/Music Tracks/SunnyDay.wav
  artifactKey: Guid(6306498bbea9342a58ad61d5f7128830) Importer(815301076,1909f56bfc062723c751e8b465ee728b)
Start importing Assets/Music Tracks/SunnyDay.wav using Guid(6306498bbea9342a58ad61d5f7128830) Importer(815301076,1909f56bfc062723c751e8b465ee728b)  -> (artifact id: '8de1552fc6c4d04509783365cbc090b8') in 0.030026 seconds 
========================================================================
Received Import Request.
  Time since last request: 0.000505 seconds.
  path: Assets/Music Tracks/Tiny_Blocks.wav
  artifactKey: Guid(5d6e42b338547477aa7a88708f894463) Importer(815301076,1909f56bfc062723c751e8b465ee728b)
Start importing Assets/Music Tracks/Tiny_Blocks.wav using Guid(5d6e42b338547477aa7a88708f894463) Importer(815301076,1909f56bfc062723c751e8b465ee728b)  -> (artifact id: 'f1d25510c0ea9c74216918eb6920756e') in 0.026990 seconds 
========================================================================
Received Import Request.
  Time since last request: 0.000454 seconds.
  path: Assets/Music Tracks/Stupid_Dancer.wav
  artifactKey: Guid(1555836638cd34283a3780a19b58d4c6) Importer(815301076,1909f56bfc062723c751e8b465ee728b)
Start importing Assets/Music Tracks/Stupid_Dancer.wav using Guid(1555836638cd34283a3780a19b58d4c6) Importer(815301076,1909f56bfc062723c751e8b465ee728b)  -> (artifact id: 'c52506c3691d3de291e68e41d32dcc2f') in 0.030655 seconds 
========================================================================
Received Import Request.
  Time since last request: 0.000461 seconds.
  path: Assets/Music Tracks/Chunky_Monkey.wav
  artifactKey: Guid(956ad2f73332544fd87365087825cc4f) Importer(815301076,1909f56bfc062723c751e8b465ee728b)
Start importing Assets/Music Tracks/Chunky_Monkey.wav using Guid(956ad2f73332544fd87365087825cc4f) Importer(815301076,1909f56bfc062723c751e8b465ee728b)  -> (artifact id: 'a6130b7c22df55762dfa6f2579ed98cb') in 0.022520 seconds 
========================================================================
Received Import Request.
  Time since last request: 0.000398 seconds.
  path: Assets/Music Tracks/Zephyr.wav
  artifactKey: Guid(07f391589664f4e85904fa28802b4aa8) Importer(815301076,1909f56bfc062723c751e8b465ee728b)
Start importing Assets/Music Tracks/Zephyr.wav using Guid(07f391589664f4e85904fa28802b4aa8) Importer(815301076,1909f56bfc062723c751e8b465ee728b)  -> (artifact id: '2631d79220713a89b8d32a7209c61b37') in 0.013515 seconds 
========================================================================
Received Import Request.
  Time since last request: 16.461254 seconds.
  path: Assets/Long_road/Lvl3.unity
  artifactKey: Guid(d256fce3dba51f34eb2e3c35953b4dd1) Importer(815301076,1909f56bfc062723c751e8b465ee728b)
Start importing Assets/Long_road/Lvl3.unity using Guid(d256fce3dba51f34eb2e3c35953b4dd1) Importer(815301076,1909f56bfc062723c751e8b465ee728b)  -> (artifact id: '642336fdef8cce279f5caaa267586b79') in 0.015586 seconds 
========================================================================
Received Prepare
Refreshing native plugins compatible for Editor in 4.51 ms, found 1 plugins.
Preloading 0 native plugins for Editor in 0.00 ms.
Unloading 8 Unused Serialized files (Serialized files now loaded: 0)
System memory in use before: 70.2 MB.
System memory in use after: 70.4 MB.

Unloading 8 unused Assets to reduce memory usage. Loaded Objects now: 3184.
Total: 6.003400 ms (FindLiveObjects: 0.517000 ms CreateObjectMapping: 0.320800 ms MarkObjects: 4.983400 ms  DeleteObjects: 0.179900 ms)

========================================================================
Received Import Request.
  Time since last request: 129.339705 seconds.
  path: Assets/Anton
  artifactKey: Guid(5ac2b07ceb1c7594ab814112fccec160) Importer(815301076,1909f56bfc062723c751e8b465ee728b)
Start importing Assets/Anton using Guid(5ac2b07ceb1c7594ab814112fccec160) Importer(815301076,1909f56bfc062723c751e8b465ee728b)  -> (artifact id: '865bbd3df71c7c160058d54cf552f07f') in 0.008269 seconds 
========================================================================
Received Import Request.
  Time since last request: 2.896721 seconds.
  path: Assets/Anton/Scenes/Clicker_table.unity
  artifactKey: Guid(426215f68c5668946baefe9401969c28) Importer(815301076,1909f56bfc062723c751e8b465ee728b)
Start importing Assets/Anton/Scenes/Clicker_table.unity using Guid(426215f68c5668946baefe9401969c28) Importer(815301076,1909f56bfc062723c751e8b465ee728b)  -> (artifact id: '2a6b71ccd9d354c3394ed9b6711a3f54') in 0.021490 seconds 
========================================================================
Received Prepare
Registering precompiled user dll's ...
Registered in 0.002436 seconds.
Begin MonoManager ReloadAssembly
Native extension for WindowsStandalone target not found
Refreshing native plugins compatible for Editor in 0.65 ms, found 1 plugins.
Preloading 0 native plugins for Editor in 0.00 ms.
Mono: successfully reloaded assembly
- Completed reload, in  1.259 seconds
Platform modules already initialized, skipping
Refreshing native plugins compatible for Editor in 0.64 ms, found 1 plugins.
Preloading 0 native plugins for Editor in 0.00 ms.
Unloading 2673 Unused Serialized files (Serialized files now loaded: 0)
System memory in use before: 123.0 MB.
System memory in use after: 123.2 MB.

Unloading 10 unused Assets to reduce memory usage. Loaded Objects now: 3187.
Total: 2.587500 ms (FindLiveObjects: 0.289000 ms CreateObjectMapping: 0.149400 ms MarkObjects: 2.048600 ms  DeleteObjects: 0.099700 ms)

========================================================================
Received Prepare
Registering precompiled user dll's ...
Registered in 0.003578 seconds.
Begin MonoManager ReloadAssembly
Native extension for WindowsStandalone target not found
Refreshing native plugins compatible for Editor in 0.72 ms, found 1 plugins.
Preloading 0 native plugins for Editor in 0.00 ms.
Mono: successfully reloaded assembly
- Completed reload, in  1.457 seconds
Platform modules already initialized, skipping
Refreshing native plugins compatible for Editor in 1.40 ms, found 1 plugins.
Preloading 0 native plugins for Editor in 0.00 ms.
Unloading 2673 Unused Serialized files (Serialized files now loaded: 0)
System memory in use before: 123.1 MB.
System memory in use after: 123.3 MB.

Unloading 10 unused Assets to reduce memory usage. Loaded Objects now: 3190.
Total: 5.103200 ms (FindLiveObjects: 0.456800 ms CreateObjectMapping: 0.320700 ms MarkObjects: 4.124000 ms  DeleteObjects: 0.199300 ms)

========================================================================
Received Import Request.
  Time since last request: 70.631482 seconds.
  path: Assets/Mountain/Lvl2.unity
  artifactKey: Guid(19333f7b4eb3259429d8674904f1a3b5) Importer(815301076,1909f56bfc062723c751e8b465ee728b)
Start importing Assets/Mountain/Lvl2.unity using Guid(19333f7b4eb3259429d8674904f1a3b5) Importer(815301076,1909f56bfc062723c751e8b465ee728b)  -> (artifact id: '2c1d6e76a42dcc3c347ac11ca5b5cbd2') in 0.041631 seconds 
========================================================================
Received Prepare
Registering precompiled user dll's ...
Registered in 0.001953 seconds.
Begin MonoManager ReloadAssembly
Native extension for WindowsStandalone target not found
Refreshing native plugins compatible for Editor in 0.56 ms, found 1 plugins.
Preloading 0 native plugins for Editor in 0.00 ms.
Mono: successfully reloaded assembly
- Completed reload, in  1.012 seconds
Platform modules already initialized, skipping
Refreshing native plugins compatible for Editor in 0.49 ms, found 1 plugins.
Preloading 0 native plugins for Editor in 0.00 ms.
Unloading 2674 Unused Serialized files (Serialized files now loaded: 0)
System memory in use before: 123.2 MB.
System memory in use after: 123.4 MB.

Unloading 10 unused Assets to reduce memory usage. Loaded Objects now: 3194.
Total: 2.478300 ms (FindLiveObjects: 0.286700 ms CreateObjectMapping: 0.133100 ms MarkObjects: 1.953900 ms  DeleteObjects: 0.103700 ms)

========================================================================
Received Import Request.
  Time since last request: 619.559755 seconds.
  path: Assets/Scripts/Finish.cs
  artifactKey: Guid(74f5e51f95d9aca46ae48791a7d2f956) Importer(815301076,1909f56bfc062723c751e8b465ee728b)
Start importing Assets/Scripts/Finish.cs using Guid(74f5e51f95d9aca46ae48791a7d2f956) Importer(815301076,1909f56bfc062723c751e8b465ee728b)  -> (artifact id: '64da1dc3d86f775518e5aa1516ce98b3') in 0.011231 seconds 
========================================================================
Received Prepare
Registering precompiled user dll's ...
Registered in 0.001743 seconds.
Begin MonoManager ReloadAssembly
Native extension for WindowsStandalone target not found
Refreshing native plugins compatible for Editor in 0.85 ms, found 1 plugins.
Preloading 0 native plugins for Editor in 0.00 ms.
Mono: successfully reloaded assembly
- Completed reload, in  0.815 seconds
Platform modules already initialized, skipping
Refreshing native plugins compatible for Editor in 0.50 ms, found 1 plugins.
Preloading 0 native plugins for Editor in 0.00 ms.
Unloading 2674 Unused Serialized files (Serialized files now loaded: 0)
System memory in use before: 123.2 MB.
System memory in use after: 123.4 MB.

Unloading 10 unused Assets to reduce memory usage. Loaded Objects now: 3197.
Total: 1.785500 ms (FindLiveObjects: 0.193100 ms CreateObjectMapping: 0.104700 ms MarkObjects: 1.416200 ms  DeleteObjects: 0.070600 ms)

========================================================================
Received Import Request.
  Time since last request: 46.293402 seconds.
  path: Assets/Scripts/Respawn.cs
  artifactKey: Guid(9e6f3a99fda65e144ada5b71d7a41645) Importer(815301076,1909f56bfc062723c751e8b465ee728b)
Start importing Assets/Scripts/Respawn.cs using Guid(9e6f3a99fda65e144ada5b71d7a41645) Importer(815301076,1909f56bfc062723c751e8b465ee728b)  -> (artifact id: '0a44e076db7beb7ad2e65097882c4da6') in 0.008349 seconds 
========================================================================
Received Prepare
Registering precompiled user dll's ...
Registered in 0.001708 seconds.
Begin MonoManager ReloadAssembly
Native extension for WindowsStandalone target not found
Refreshing native plugins compatible for Editor in 0.52 ms, found 1 plugins.
Preloading 0 native plugins for Editor in 0.00 ms.
Mono: successfully reloaded assembly
- Completed reload, in  0.821 seconds
Platform modules already initialized, skipping
Refreshing native plugins compatible for Editor in 0.48 ms, found 1 plugins.
Preloading 0 native plugins for Editor in 0.00 ms.
Unloading 2674 Unused Serialized files (Serialized files now loaded: 0)
System memory in use before: 123.2 MB.
System memory in use after: 123.4 MB.

Unloading 10 unused Assets to reduce memory usage. Loaded Objects now: 3200.
Total: 1.782000 ms (FindLiveObjects: 0.188700 ms CreateObjectMapping: 0.106100 ms MarkObjects: 1.411500 ms  DeleteObjects: 0.075000 ms)

========================================================================
Received Import Request.
  Time since last request: 78.924846 seconds.
  path: Assets/Mountain/Lvl2.unity
  artifactKey: Guid(19333f7b4eb3259429d8674904f1a3b5) Importer(815301076,1909f56bfc062723c751e8b465ee728b)
Start importing Assets/Mountain/Lvl2.unity using Guid(19333f7b4eb3259429d8674904f1a3b5) Importer(815301076,1909f56bfc062723c751e8b465ee728b)  -> (artifact id: 'c263c65ec57f95e06a595f1df48d83fa') in 0.040276 seconds 
========================================================================
Received Import Request.
  Time since last request: 35.545998 seconds.
  path: Assets/Mountain/Lvl2.unity
  artifactKey: Guid(19333f7b4eb3259429d8674904f1a3b5) Importer(815301076,1909f56bfc062723c751e8b465ee728b)
Start importing Assets/Mountain/Lvl2.unity using Guid(19333f7b4eb3259429d8674904f1a3b5) Importer(815301076,1909f56bfc062723c751e8b465ee728b)  -> (artifact id: 'cdbb2d6b3b9686d5592780e839e99e62') in 0.002259 seconds 
========================================================================
Received Import Request.
  Time since last request: 4.358067 seconds.
  path: Assets/Lake/Lvl1.unity
  artifactKey: Guid(2e1336748f3797f4798cf9e588e2620f) Importer(815301076,1909f56bfc062723c751e8b465ee728b)
Start importing Assets/Lake/Lvl1.unity using Guid(2e1336748f3797f4798cf9e588e2620f) Importer(815301076,1909f56bfc062723c751e8b465ee728b)  -> (artifact id: '82b098c3d07539e25ffef1284fe3c314') in 0.005788 seconds 
========================================================================
Received Import Request.
  Time since last request: 13.313283 seconds.
  path: Assets/Lake/Lvl1.unity
  artifactKey: Guid(2e1336748f3797f4798cf9e588e2620f) Importer(815301076,1909f56bfc062723c751e8b465ee728b)
Start importing Assets/Lake/Lvl1.unity using Guid(2e1336748f3797f4798cf9e588e2620f) Importer(815301076,1909f56bfc062723c751e8b465ee728b)  -> (artifact id: 'c4e98b498e235dcb189b97a4761546e8') in 0.002124 seconds 
========================================================================
Received Import Request.
  Time since last request: 33.647548 seconds.
  path: Assets/Long_road/Lvl3.unity
  artifactKey: Guid(d256fce3dba51f34eb2e3c35953b4dd1) Importer(815301076,1909f56bfc062723c751e8b465ee728b)
Start importing Assets/Long_road/Lvl3.unity using Guid(d256fce3dba51f34eb2e3c35953b4dd1) Importer(815301076,1909f56bfc062723c751e8b465ee728b)  -> (artifact id: 'b00b27fd767d7697c9c3c1d0180df8a1') in 0.002021 seconds 
========================================================================
Received Import Request.
  Time since last request: 86.073568 seconds.
  path: Assets/Scripts/Finish.cs
  artifactKey: Guid(74f5e51f95d9aca46ae48791a7d2f956) Importer(815301076,1909f56bfc062723c751e8b465ee728b)
Start importing Assets/Scripts/Finish.cs using Guid(74f5e51f95d9aca46ae48791a7d2f956) Importer(815301076,1909f56bfc062723c751e8b465ee728b)  -> (artifact id: 'aa54696bf8d18d9537707ecdbd3bac02') in 0.001609 seconds 
========================================================================
Received Import Request.
  Time since last request: 285.114203 seconds.
  path: Assets/Anton/Scenes/Clicker_table.unity
  artifactKey: Guid(426215f68c5668946baefe9401969c28) Importer(815301076,1909f56bfc062723c751e8b465ee728b)
Start importing Assets/Anton/Scenes/Clicker_table.unity using Guid(426215f68c5668946baefe9401969c28) Importer(815301076,1909f56bfc062723c751e8b465ee728b)  -> (artifact id: '833fcbb132ae2d3b2fdf796aa52bf302') in 0.002555 seconds 
========================================================================
Received Prepare
Registering precompiled user dll's ...
Registered in 0.001809 seconds.
Begin MonoManager ReloadAssembly
Native extension for WindowsStandalone target not found
Refreshing native plugins compatible for Editor in 0.47 ms, found 1 plugins.
Preloading 0 native plugins for Editor in 0.00 ms.
Mono: successfully reloaded assembly
- Completed reload, in  0.742 seconds
Platform modules already initialized, skipping
Refreshing native plugins compatible for Editor in 0.51 ms, found 1 plugins.
Preloading 0 native plugins for Editor in 0.00 ms.
Unloading 2674 Unused Serialized files (Serialized files now loaded: 0)
System memory in use before: 123.2 MB.
System memory in use after: 123.4 MB.

Unloading 10 unused Assets to reduce memory usage. Loaded Objects now: 3203.
Total: 2.046100 ms (FindLiveObjects: 0.203800 ms CreateObjectMapping: 0.104700 ms MarkObjects: 1.663600 ms  DeleteObjects: 0.073100 ms)

========================================================================
Received Import Request.
  Time since last request: 1068.229291 seconds.
  path: Assets/Scripts/Info.cs
  artifactKey: Guid(631592a88ac77964d9eb0d72b3146d90) Importer(815301076,1909f56bfc062723c751e8b465ee728b)
Start importing Assets/Scripts/Info.cs using Guid(631592a88ac77964d9eb0d72b3146d90) Importer(815301076,1909f56bfc062723c751e8b465ee728b)  -> (artifact id: 'd3ab47e2205412d69ca117cf9cf1a516') in 0.013216 seconds 
========================================================================
Received Prepare
Registering precompiled user dll's ...
Registered in 0.001703 seconds.
Begin MonoManager ReloadAssembly
Native extension for WindowsStandalone target not found
Refreshing native plugins compatible for Editor in 0.50 ms, found 1 plugins.
Preloading 0 native plugins for Editor in 0.00 ms.
Mono: successfully reloaded assembly
- Completed reload, in  0.773 seconds
Platform modules already initialized, skipping
Refreshing native plugins compatible for Editor in 0.48 ms, found 1 plugins.
Preloading 0 native plugins for Editor in 0.00 ms.
Unloading 2675 Unused Serialized files (Serialized files now loaded: 0)
System memory in use before: 123.3 MB.
System memory in use after: 123.4 MB.

Unloading 10 unused Assets to reduce memory usage. Loaded Objects now: 3207.
Total: 1.857900 ms (FindLiveObjects: 0.204800 ms CreateObjectMapping: 0.119000 ms MarkObjects: 1.461800 ms  DeleteObjects: 0.071700 ms)

========================================================================
Received Prepare
Registering precompiled user dll's ...
Registered in 0.001702 seconds.
Begin MonoManager ReloadAssembly
Native extension for WindowsStandalone target not found
Refreshing native plugins compatible for Editor in 0.50 ms, found 1 plugins.
Preloading 0 native plugins for Editor in 0.00 ms.
Mono: successfully reloaded assembly
- Completed reload, in  0.788 seconds
Platform modules already initialized, skipping
Refreshing native plugins compatible for Editor in 0.54 ms, found 1 plugins.
Preloading 0 native plugins for Editor in 0.00 ms.
Unloading 2675 Unused Serialized files (Serialized files now loaded: 0)
System memory in use before: 123.3 MB.
System memory in use after: 123.5 MB.

Unloading 10 unused Assets to reduce memory usage. Loaded Objects now: 3210.
Total: 1.875000 ms (FindLiveObjects: 0.217100 ms CreateObjectMapping: 0.109900 ms MarkObjects: 1.474700 ms  DeleteObjects: 0.072500 ms)

========================================================================
Received Import Request.
  Time since last request: 608.881031 seconds.
  path: Assets/Scripts/Info.cs
  artifactKey: Guid(631592a88ac77964d9eb0d72b3146d90) Importer(815301076,1909f56bfc062723c751e8b465ee728b)
Start importing Assets/Scripts/Info.cs using Guid(631592a88ac77964d9eb0d72b3146d90) Importer(815301076,1909f56bfc062723c751e8b465ee728b)  -> (artifact id: 'a34a50f093397e5c9309d2aceee57db6') in 0.004298 seconds 
========================================================================
Received Import Request.
  Time since last request: 22.129362 seconds.
  path: Assets/Lake/Lvl1.unity
  artifactKey: Guid(2e1336748f3797f4798cf9e588e2620f) Importer(815301076,1909f56bfc062723c751e8b465ee728b)
Start importing Assets/Lake/Lvl1.unity using Guid(2e1336748f3797f4798cf9e588e2620f) Importer(815301076,1909f56bfc062723c751e8b465ee728b)  -> (artifact id: 'f34d030ff54040f41bc2248d3bd2080c') in 0.038973 seconds 
========================================================================
Received Prepare
Registering precompiled user dll's ...
Registered in 0.001962 seconds.
Begin MonoManager ReloadAssembly
Native extension for WindowsStandalone target not found
Refreshing native plugins compatible for Editor in 0.53 ms, found 1 plugins.
Preloading 0 native plugins for Editor in 0.00 ms.
Mono: successfully reloaded assembly
- Completed reload, in  0.805 seconds
Platform modules already initialized, skipping
Refreshing native plugins compatible for Editor in 0.57 ms, found 1 plugins.
Preloading 0 native plugins for Editor in 0.00 ms.
Unloading 2675 Unused Serialized files (Serialized files now loaded: 0)
System memory in use before: 123.3 MB.
System memory in use after: 123.5 MB.

Unloading 10 unused Assets to reduce memory usage. Loaded Objects now: 3213.
Total: 2.444100 ms (FindLiveObjects: 0.262800 ms CreateObjectMapping: 0.138800 ms MarkObjects: 1.962200 ms  DeleteObjects: 0.079200 ms)

========================================================================
Received Prepare
Registering precompiled user dll's ...
Registered in 0.001931 seconds.
Begin MonoManager ReloadAssembly
Native extension for WindowsStandalone target not found
Refreshing native plugins compatible for Editor in 0.75 ms, found 1 plugins.
Preloading 0 native plugins for Editor in 0.00 ms.
Mono: successfully reloaded assembly
- Completed reload, in  0.768 seconds
Platform modules already initialized, skipping
Refreshing native plugins compatible for Editor in 0.70 ms, found 1 plugins.
Preloading 0 native plugins for Editor in 0.00 ms.
Unloading 2675 Unused Serialized files (Serialized files now loaded: 0)
System memory in use before: 123.3 MB.
System memory in use after: 123.5 MB.

Unloading 10 unused Assets to reduce memory usage. Loaded Objects now: 3216.
Total: 2.044600 ms (FindLiveObjects: 0.229800 ms CreateObjectMapping: 0.109700 ms MarkObjects: 1.629000 ms  DeleteObjects: 0.075400 ms)

========================================================================
Received Import Request.
  Time since last request: 482.223719 seconds.
  path: Assets/Mountain/Lvl2.unity
  artifactKey: Guid(19333f7b4eb3259429d8674904f1a3b5) Importer(815301076,1909f56bfc062723c751e8b465ee728b)
Start importing Assets/Mountain/Lvl2.unity using Guid(19333f7b4eb3259429d8674904f1a3b5) Importer(815301076,1909f56bfc062723c751e8b465ee728b)  -> (artifact id: 'c78d3dc91a1296f1be4af6e65f6c2f5c') in 0.030756 seconds 
========================================================================
Received Import Request.
  Time since last request: 9.169298 seconds.
  path: Assets/Lake/Lvl1.unity
  artifactKey: Guid(2e1336748f3797f4798cf9e588e2620f) Importer(815301076,1909f56bfc062723c751e8b465ee728b)
Start importing Assets/Lake/Lvl1.unity using Guid(2e1336748f3797f4798cf9e588e2620f) Importer(815301076,1909f56bfc062723c751e8b465ee728b)  -> (artifact id: '5ad66f0e756e52d66cf6c686ddfc61a7') in 0.002511 seconds 
========================================================================
Received Prepare
Registering precompiled user dll's ...
Registered in 0.001667 seconds.
Begin MonoManager ReloadAssembly
Native extension for WindowsStandalone target not found
Refreshing native plugins compatible for Editor in 0.52 ms, found 1 plugins.
Preloading 0 native plugins for Editor in 0.00 ms.
Mono: successfully reloaded assembly
- Completed reload, in  0.764 seconds
Platform modules already initialized, skipping
Refreshing native plugins compatible for Editor in 0.51 ms, found 1 plugins.
Preloading 0 native plugins for Editor in 0.00 ms.
Unloading 2675 Unused Serialized files (Serialized files now loaded: 0)
System memory in use before: 123.3 MB.
System memory in use after: 123.5 MB.

Unloading 10 unused Assets to reduce memory usage. Loaded Objects now: 3219.
Total: 1.883800 ms (FindLiveObjects: 0.203200 ms CreateObjectMapping: 0.087500 ms MarkObjects: 1.523300 ms  DeleteObjects: 0.069200 ms)

========================================================================
Received Import Request.
  Time since last request: 241.673501 seconds.
  path: Assets/Long_road/Lvl3.unity
  artifactKey: Guid(d256fce3dba51f34eb2e3c35953b4dd1) Importer(815301076,1909f56bfc062723c751e8b465ee728b)
Start importing Assets/Long_road/Lvl3.unity using Guid(d256fce3dba51f34eb2e3c35953b4dd1) Importer(815301076,1909f56bfc062723c751e8b465ee728b)  -> (artifact id: '9c569d3562dbc8dfba4e00dca6f90264') in 0.021622 seconds 
========================================================================
Received Import Request.
  Time since last request: 26.940689 seconds.
  path: Assets/Scripts/Timer.cs
  artifactKey: Guid(cf80e172b2414764ca0de585afd36630) Importer(815301076,1909f56bfc062723c751e8b465ee728b)
Start importing Assets/Scripts/Timer.cs using Guid(cf80e172b2414764ca0de585afd36630) Importer(815301076,1909f56bfc062723c751e8b465ee728b)  -> (artifact id: '79f0f0714cd71e946e29ac533a9b2f37') in 0.007036 seconds 
========================================================================
Received Prepare
Registering precompiled user dll's ...
Registered in 0.001909 seconds.
Begin MonoManager ReloadAssembly
Native extension for WindowsStandalone target not found
Refreshing native plugins compatible for Editor in 0.54 ms, found 1 plugins.
Preloading 0 native plugins for Editor in 0.00 ms.
Mono: successfully reloaded assembly
- Completed reload, in  0.799 seconds
Platform modules already initialized, skipping
Refreshing native plugins compatible for Editor in 0.48 ms, found 1 plugins.
Preloading 0 native plugins for Editor in 0.00 ms.
Unloading 2675 Unused Serialized files (Serialized files now loaded: 0)
System memory in use before: 123.3 MB.
System memory in use after: 123.5 MB.

Unloading 10 unused Assets to reduce memory usage. Loaded Objects now: 3222.
Total: 2.159300 ms (FindLiveObjects: 0.220000 ms CreateObjectMapping: 0.114400 ms MarkObjects: 1.750100 ms  DeleteObjects: 0.074200 ms)

========================================================================
Received Import Request.
  Time since last request: 43.893902 seconds.
  path: Assets/Mountain/Lvl2.unity
  artifactKey: Guid(19333f7b4eb3259429d8674904f1a3b5) Importer(815301076,1909f56bfc062723c751e8b465ee728b)
Start importing Assets/Mountain/Lvl2.unity using Guid(19333f7b4eb3259429d8674904f1a3b5) Importer(815301076,1909f56bfc062723c751e8b465ee728b)  -> (artifact id: '26dfc390776e0d4513302ecbf2b48252') in 0.020814 seconds 
========================================================================
Received Prepare
Registering precompiled user dll's ...
Registered in 0.001673 seconds.
Begin MonoManager ReloadAssembly
Native extension for WindowsStandalone target not found
Refreshing native plugins compatible for Editor in 0.48 ms, found 1 plugins.
Preloading 0 native plugins for Editor in 0.00 ms.
Mono: successfully reloaded assembly
- Completed reload, in  0.752 seconds
Platform modules already initialized, skipping
Refreshing native plugins compatible for Editor in 0.52 ms, found 1 plugins.
Preloading 0 native plugins for Editor in 0.00 ms.
Unloading 2675 Unused Serialized files (Serialized files now loaded: 0)
System memory in use before: 123.3 MB.
System memory in use after: 123.5 MB.

Unloading 10 unused Assets to reduce memory usage. Loaded Objects now: 3225.
Total: 2.070900 ms (FindLiveObjects: 0.215200 ms CreateObjectMapping: 0.097400 ms MarkObjects: 1.686400 ms  DeleteObjects: 0.071300 ms)

========================================================================
Received Import Request.
  Time since last request: 419.611208 seconds.
  path: Assets/Scripts/Reader.cs
  artifactKey: Guid(67620188ac307604185997638b422414) Importer(815301076,1909f56bfc062723c751e8b465ee728b)
Start importing Assets/Scripts/Reader.cs using Guid(67620188ac307604185997638b422414) Importer(815301076,1909f56bfc062723c751e8b465ee728b)  -> (artifact id: '082ba783558913a4b8758ae0532371d8') in 0.107145 seconds 
========================================================================
Received Prepare
Registering precompiled user dll's ...
Registered in 0.001795 seconds.
Begin MonoManager ReloadAssembly
Native extension for WindowsStandalone target not found
Refreshing native plugins compatible for Editor in 0.50 ms, found 1 plugins.
Preloading 0 native plugins for Editor in 0.00 ms.
Mono: successfully reloaded assembly
- Completed reload, in  0.785 seconds
Platform modules already initialized, skipping
Refreshing native plugins compatible for Editor in 0.55 ms, found 1 plugins.
Preloading 0 native plugins for Editor in 0.00 ms.
Unloading 2676 Unused Serialized files (Serialized files now loaded: 0)
System memory in use before: 123.4 MB.
System memory in use after: 123.6 MB.

Unloading 10 unused Assets to reduce memory usage. Loaded Objects now: 3229.
Total: 1.904900 ms (FindLiveObjects: 0.207700 ms CreateObjectMapping: 0.115300 ms MarkObjects: 1.509200 ms  DeleteObjects: 0.072000 ms)

========================================================================
Received Import Request.
  Time since last request: 346.325168 seconds.
  path: Assets/Scripts/Reader.cs
  artifactKey: Guid(67620188ac307604185997638b422414) Importer(815301076,1909f56bfc062723c751e8b465ee728b)
Start importing Assets/Scripts/Reader.cs using Guid(67620188ac307604185997638b422414) Importer(815301076,1909f56bfc062723c751e8b465ee728b)  -> (artifact id: '79438c5ae6959cbcb4a2ca93fcac7c29') in 0.004058 seconds 
========================================================================
Received Prepare
Registering precompiled user dll's ...
Registered in 0.002008 seconds.
Begin MonoManager ReloadAssembly
Native extension for WindowsStandalone target not found
Refreshing native plugins compatible for Editor in 0.50 ms, found 1 plugins.
Preloading 0 native plugins for Editor in 0.00 ms.
Mono: successfully reloaded assembly
- Completed reload, in  0.814 seconds
Platform modules already initialized, skipping
Refreshing native plugins compatible for Editor in 0.58 ms, found 1 plugins.
Preloading 0 native plugins for Editor in 0.00 ms.
Unloading 2676 Unused Serialized files (Serialized files now loaded: 0)
System memory in use before: 123.5 MB.
System memory in use after: 123.7 MB.

Unloading 10 unused Assets to reduce memory usage. Loaded Objects now: 3232.
Total: 1.987100 ms (FindLiveObjects: 0.221600 ms CreateObjectMapping: 0.123900 ms MarkObjects: 1.560000 ms  DeleteObjects: 0.080400 ms)

========================================================================
Received Import Request.
  Time since last request: 70.603391 seconds.
  path: Assets/Scripts/Reader.cs
  artifactKey: Guid(67620188ac307604185997638b422414) Importer(815301076,1909f56bfc062723c751e8b465ee728b)
Start importing Assets/Scripts/Reader.cs using Guid(67620188ac307604185997638b422414) Importer(815301076,1909f56bfc062723c751e8b465ee728b)  -> (artifact id: 'e81d4a5374376b34078b3d5c6bd3b56d') in 0.004856 seconds 
========================================================================
Received Prepare
Registering precompiled user dll's ...
Registered in 0.001759 seconds.
Begin MonoManager ReloadAssembly
Native extension for WindowsStandalone target not found
Refreshing native plugins compatible for Editor in 0.48 ms, found 1 plugins.
Preloading 0 native plugins for Editor in 0.00 ms.
Mono: successfully reloaded assembly
- Completed reload, in  0.778 seconds
Platform modules already initialized, skipping
Refreshing native plugins compatible for Editor in 0.52 ms, found 1 plugins.
Preloading 0 native plugins for Editor in 0.00 ms.
Unloading 2676 Unused Serialized files (Serialized files now loaded: 0)
System memory in use before: 123.5 MB.
System memory in use after: 123.7 MB.

Unloading 10 unused Assets to reduce memory usage. Loaded Objects now: 3235.
Total: 2.085500 ms (FindLiveObjects: 0.215800 ms CreateObjectMapping: 0.103500 ms MarkObjects: 1.686300 ms  DeleteObjects: 0.079400 ms)

========================================================================
Received Prepare
Registering precompiled user dll's ...
Registered in 0.001650 seconds.
Begin MonoManager ReloadAssembly
Native extension for WindowsStandalone target not found
Refreshing native plugins compatible for Editor in 0.47 ms, found 1 plugins.
Preloading 0 native plugins for Editor in 0.00 ms.
Mono: successfully reloaded assembly
- Completed reload, in  0.741 seconds
Platform modules already initialized, skipping
Refreshing native plugins compatible for Editor in 0.51 ms, found 1 plugins.
Preloading 0 native plugins for Editor in 0.00 ms.
Unloading 2676 Unused Serialized files (Serialized files now loaded: 0)
System memory in use before: 123.5 MB.
System memory in use after: 123.7 MB.

Unloading 10 unused Assets to reduce memory usage. Loaded Objects now: 3238.
Total: 2.179100 ms (FindLiveObjects: 0.243600 ms CreateObjectMapping: 0.147600 ms MarkObjects: 1.708400 ms  DeleteObjects: 0.078800 ms)

========================================================================
Received Prepare
Registering precompiled user dll's ...
Registered in 0.001757 seconds.
Begin MonoManager ReloadAssembly
Native extension for WindowsStandalone target not found
Refreshing native plugins compatible for Editor in 0.48 ms, found 1 plugins.
Preloading 0 native plugins for Editor in 0.00 ms.
Mono: successfully reloaded assembly
- Completed reload, in  0.844 seconds
Platform modules already initialized, skipping
Refreshing native plugins compatible for Editor in 0.50 ms, found 1 plugins.
Preloading 0 native plugins for Editor in 0.00 ms.
Unloading 2676 Unused Serialized files (Serialized files now loaded: 0)
System memory in use before: 123.5 MB.
System memory in use after: 123.7 MB.

Unloading 10 unused Assets to reduce memory usage. Loaded Objects now: 3241.
Total: 1.863100 ms (FindLiveObjects: 0.197700 ms CreateObjectMapping: 0.111000 ms MarkObjects: 1.477800 ms  DeleteObjects: 0.075600 ms)

========================================================================
Received Import Request.
  Time since last request: 1827.618655 seconds.
  path: Assets/Scripts/Skip.cs
  artifactKey: Guid(b5ca424c38899f541b10901f4820c552) Importer(815301076,1909f56bfc062723c751e8b465ee728b)
Start importing Assets/Scripts/Skip.cs using Guid(b5ca424c38899f541b10901f4820c552) Importer(815301076,1909f56bfc062723c751e8b465ee728b)  -> (artifact id: '0ce2b7160b5f4e0f7794ec58ead840e1') in 0.007647 seconds 
========================================================================
Received Import Request.
  Time since last request: 32.651485 seconds.
  path: Assets/Anton/Scenes/Clicker_table.unity
  artifactKey: Guid(426215f68c5668946baefe9401969c28) Importer(815301076,1909f56bfc062723c751e8b465ee728b)
Start importing Assets/Anton/Scenes/Clicker_table.unity using Guid(426215f68c5668946baefe9401969c28) Importer(815301076,1909f56bfc062723c751e8b465ee728b)  -> (artifact id: 'd7c68bb560f19c313b047a22166d132c') in 0.105728 seconds 
========================================================================
Received Prepare
Registering precompiled user dll's ...
Registered in 0.001701 seconds.
Begin MonoManager ReloadAssembly
Native extension for WindowsStandalone target not found
Refreshing native plugins compatible for Editor in 0.51 ms, found 1 plugins.
Preloading 0 native plugins for Editor in 0.00 ms.
Mono: successfully reloaded assembly
- Completed reload, in  0.761 seconds
Platform modules already initialized, skipping
Refreshing native plugins compatible for Editor in 0.51 ms, found 1 plugins.
Preloading 0 native plugins for Editor in 0.00 ms.
Unloading 2676 Unused Serialized files (Serialized files now loaded: 0)
System memory in use before: 123.5 MB.
System memory in use after: 123.7 MB.

Unloading 10 unused Assets to reduce memory usage. Loaded Objects now: 3244.
Total: 1.942300 ms (FindLiveObjects: 0.212200 ms CreateObjectMapping: 0.090300 ms MarkObjects: 1.559400 ms  DeleteObjects: 0.079700 ms)

========================================================================
Received Prepare
Registering precompiled user dll's ...
Registered in 0.001692 seconds.
Begin MonoManager ReloadAssembly
Native extension for WindowsStandalone target not found
Refreshing native plugins compatible for Editor in 0.52 ms, found 1 plugins.
Preloading 0 native plugins for Editor in 0.00 ms.
Mono: successfully reloaded assembly
- Completed reload, in  0.750 seconds
Platform modules already initialized, skipping
Refreshing native plugins compatible for Editor in 0.55 ms, found 1 plugins.
Preloading 0 native plugins for Editor in 0.00 ms.
Unloading 2676 Unused Serialized files (Serialized files now loaded: 0)
System memory in use before: 123.5 MB.
System memory in use after: 123.7 MB.

Unloading 10 unused Assets to reduce memory usage. Loaded Objects now: 3247.
Total: 2.070500 ms (FindLiveObjects: 0.212300 ms CreateObjectMapping: 0.117500 ms MarkObjects: 1.663900 ms  DeleteObjects: 0.075900 ms)

========================================================================
Received Import Request.
  Time since last request: 291.664489 seconds.
  path: Assets/Lake/Lvl1.unity
  artifactKey: Guid(2e1336748f3797f4798cf9e588e2620f) Importer(815301076,1909f56bfc062723c751e8b465ee728b)
Start importing Assets/Lake/Lvl1.unity using Guid(2e1336748f3797f4798cf9e588e2620f) Importer(815301076,1909f56bfc062723c751e8b465ee728b)  -> (artifact id: 'dafa25d909b1aa0542120edb599fa066') in 0.029929 seconds 
========================================================================
Received Prepare
Registering precompiled user dll's ...
Registered in 0.001840 seconds.
Begin MonoManager ReloadAssembly
Native extension for WindowsStandalone target not found
Refreshing native plugins compatible for Editor in 0.48 ms, found 1 plugins.
Preloading 0 native plugins for Editor in 0.00 ms.
Mono: successfully reloaded assembly
- Completed reload, in  0.778 seconds
Platform modules already initialized, skipping
Refreshing native plugins compatible for Editor in 0.50 ms, found 1 plugins.
Preloading 0 native plugins for Editor in 0.00 ms.
Unloading 2676 Unused Serialized files (Serialized files now loaded: 0)
System memory in use before: 123.5 MB.
System memory in use after: 123.7 MB.

Unloading 10 unused Assets to reduce memory usage. Loaded Objects now: 3250.
Total: 2.290100 ms (FindLiveObjects: 0.220700 ms CreateObjectMapping: 0.095300 ms MarkObjects: 1.880500 ms  DeleteObjects: 0.092900 ms)

========================================================================
Received Prepare
Registering precompiled user dll's ...
Registered in 0.001744 seconds.
Begin MonoManager ReloadAssembly
Native extension for WindowsStandalone target not found
Refreshing native plugins compatible for Editor in 0.50 ms, found 1 plugins.
Preloading 0 native plugins for Editor in 0.00 ms.
Mono: successfully reloaded assembly
- Completed reload, in  0.810 seconds
Platform modules already initialized, skipping
Refreshing native plugins compatible for Editor in 0.56 ms, found 1 plugins.
Preloading 0 native plugins for Editor in 0.00 ms.
Unloading 2676 Unused Serialized files (Serialized files now loaded: 0)
System memory in use before: 123.5 MB.
System memory in use after: 123.7 MB.

Unloading 10 unused Assets to reduce memory usage. Loaded Objects now: 3253.
Total: 1.928500 ms (FindLiveObjects: 0.224800 ms CreateObjectMapping: 0.111400 ms MarkObjects: 1.516300 ms  DeleteObjects: 0.075200 ms)

========================================================================
Received Import Request.
  Time since last request: 552.541805 seconds.
  path: Assets/Long_road/Lvl3.unity
  artifactKey: Guid(d256fce3dba51f34eb2e3c35953b4dd1) Importer(815301076,1909f56bfc062723c751e8b465ee728b)
Start importing Assets/Long_road/Lvl3.unity using Guid(d256fce3dba51f34eb2e3c35953b4dd1) Importer(815301076,1909f56bfc062723c751e8b465ee728b)  -> (artifact id: '27c513cb9d89d4e91ea53ff167e04610') in 0.026165 seconds 
========================================================================
Received Import Request.
  Time since last request: 63.540799 seconds.
  path: Assets/Anton/Scenes/Clicker_table.unity
  artifactKey: Guid(426215f68c5668946baefe9401969c28) Importer(815301076,1909f56bfc062723c751e8b465ee728b)
Start importing Assets/Anton/Scenes/Clicker_table.unity using Guid(426215f68c5668946baefe9401969c28) Importer(815301076,1909f56bfc062723c751e8b465ee728b)  -> (artifact id: 'fcc99ddda5281fc617c390b4392e1929') in 0.001831 seconds 
========================================================================
Received Prepare
Registering precompiled user dll's ...
Registered in 0.002591 seconds.
Begin MonoManager ReloadAssembly
Native extension for WindowsStandalone target not found
Refreshing native plugins compatible for Editor in 0.76 ms, found 1 plugins.
Preloading 0 native plugins for Editor in 0.00 ms.
Mono: successfully reloaded assembly
- Completed reload, in  0.817 seconds
Platform modules already initialized, skipping
Refreshing native plugins compatible for Editor in 0.48 ms, found 1 plugins.
Preloading 0 native plugins for Editor in 0.00 ms.
Unloading 2676 Unused Serialized files (Serialized files now loaded: 0)
System memory in use before: 123.5 MB.
System memory in use after: 123.7 MB.

Unloading 10 unused Assets to reduce memory usage. Loaded Objects now: 3256.
Total: 2.806000 ms (FindLiveObjects: 0.262900 ms CreateObjectMapping: 0.125900 ms MarkObjects: 2.332900 ms  DeleteObjects: 0.083500 ms)

========================================================================
Received Prepare
Registering precompiled user dll's ...
Registered in 0.001677 seconds.
Begin MonoManager ReloadAssembly
Native extension for WindowsStandalone target not found
Refreshing native plugins compatible for Editor in 0.49 ms, found 1 plugins.
Preloading 0 native plugins for Editor in 0.00 ms.
Mono: successfully reloaded assembly
- Completed reload, in  0.785 seconds
Platform modules already initialized, skipping
Refreshing native plugins compatible for Editor in 0.51 ms, found 1 plugins.
Preloading 0 native plugins for Editor in 0.00 ms.
Unloading 2676 Unused Serialized files (Serialized files now loaded: 0)
System memory in use before: 123.5 MB.
System memory in use after: 123.7 MB.

Unloading 10 unused Assets to reduce memory usage. Loaded Objects now: 3259.
Total: 1.899100 ms (FindLiveObjects: 0.228800 ms CreateObjectMapping: 0.122300 ms MarkObjects: 1.470300 ms  DeleteObjects: 0.076900 ms)

========================================================================
Received Prepare
Registering precompiled user dll's ...
Registered in 0.001744 seconds.
Begin MonoManager ReloadAssembly
Native extension for WindowsStandalone target not found
Refreshing native plugins compatible for Editor in 0.47 ms, found 1 plugins.
Preloading 0 native plugins for Editor in 0.00 ms.
Mono: successfully reloaded assembly
- Completed reload, in  0.736 seconds
Platform modules already initialized, skipping
Refreshing native plugins compatible for Editor in 0.49 ms, found 1 plugins.
Preloading 0 native plugins for Editor in 0.00 ms.
Unloading 2676 Unused Serialized files (Serialized files now loaded: 0)
System memory in use before: 123.6 MB.
System memory in use after: 123.7 MB.

Unloading 10 unused Assets to reduce memory usage. Loaded Objects now: 3262.
Total: 1.964300 ms (FindLiveObjects: 0.193000 ms CreateObjectMapping: 0.099900 ms MarkObjects: 1.591300 ms  DeleteObjects: 0.079300 ms)

========================================================================
Received Prepare
Registering precompiled user dll's ...
Registered in 0.001649 seconds.
Begin MonoManager ReloadAssembly
Native extension for WindowsStandalone target not found
Refreshing native plugins compatible for Editor in 0.48 ms, found 1 plugins.
Preloading 0 native plugins for Editor in 0.00 ms.
Mono: successfully reloaded assembly
- Completed reload, in  0.767 seconds
Platform modules already initialized, skipping
Refreshing native plugins compatible for Editor in 0.48 ms, found 1 plugins.
Preloading 0 native plugins for Editor in 0.00 ms.
Unloading 2676 Unused Serialized files (Serialized files now loaded: 0)
System memory in use before: 123.6 MB.
System memory in use after: 123.8 MB.

Unloading 10 unused Assets to reduce memory usage. Loaded Objects now: 3265.
Total: 2.062600 ms (FindLiveObjects: 0.220600 ms CreateObjectMapping: 0.118900 ms MarkObjects: 1.643300 ms  DeleteObjects: 0.079100 ms)

========================================================================
Received Prepare
Refreshing native plugins compatible for Editor in 1.55 ms, found 1 plugins.
Preloading 0 native plugins for Editor in 0.00 ms.
Unloading 8 Unused Serialized files (Serialized files now loaded: 0)
System memory in use before: 70.7 MB.
System memory in use after: 70.9 MB.

Unloading 8 unused Assets to reduce memory usage. Loaded Objects now: 3265.
Total: 3.010900 ms (FindLiveObjects: 0.382700 ms CreateObjectMapping: 0.206100 ms MarkObjects: 2.331200 ms  DeleteObjects: 0.089800 ms)

========================================================================
Received Import Request.
  Time since last request: 6619.636263 seconds.
  path: Assets/Mountain/Lvl2.unity
  artifactKey: Guid(19333f7b4eb3259429d8674904f1a3b5) Importer(815301076,1909f56bfc062723c751e8b465ee728b)
Start importing Assets/Mountain/Lvl2.unity using Guid(19333f7b4eb3259429d8674904f1a3b5) Importer(815301076,1909f56bfc062723c751e8b465ee728b)  -> (artifact id: '495f5cf8283b401ff6d963e10fb5dc07') in 0.320180 seconds 
========================================================================
Received Prepare
Registering precompiled user dll's ...
Registered in 0.001687 seconds.
Begin MonoManager ReloadAssembly
Native extension for WindowsStandalone target not found
Refreshing native plugins compatible for Editor in 0.60 ms, found 1 plugins.
Preloading 0 native plugins for Editor in 0.00 ms.
Mono: successfully reloaded assembly
- Completed reload, in  0.839 seconds
Platform modules already initialized, skipping
Refreshing native plugins compatible for Editor in 0.51 ms, found 1 plugins.
Preloading 0 native plugins for Editor in 0.00 ms.
Unloading 2676 Unused Serialized files (Serialized files now loaded: 0)
System memory in use before: 125.0 MB.
System memory in use after: 125.2 MB.

Unloading 10 unused Assets to reduce memory usage. Loaded Objects now: 3268.
Total: 2.068300 ms (FindLiveObjects: 0.230100 ms CreateObjectMapping: 0.120800 ms MarkObjects: 1.615600 ms  DeleteObjects: 0.101100 ms)

AssetImportWorkerClient::OnTransportError - code=2 error=End of file
